<?xml version="1.0" encoding="UTF-8"?>
<!-- Generated by org.testng.reporters.JUnitXMLReporter -->
<testsuite ignored="0" hostname="LPTGhulamnabi" failures="2" tests="2" name="Test-Mozilla" time="0.823" errors="0" timestamp="2022-03-18T11:54:29 PKT">
  <testcase classname="DataStewardship.login.tc.TC_Login" name="tc_01_Login_with_InValid_credentials" time="0.818">
    <failure type="org.openqa.selenium.WebDriverException" message="Unable to find driver executable: \usr\bin\safaridriver(SafariDriver requires Safari 10 running on OSX El Capitan or greater.)
Build info: version: &amp;apos;4.1.2&amp;apos;, revision: &amp;apos;9a5a329c5a&amp;apos;
System info: host: &amp;apos;LPTGHULAMNABI&amp;apos;, ip: &amp;apos;192.168.0.237&amp;apos;, os.name: &amp;apos;Windows 11&amp;apos;, os.arch: &amp;apos;amd64&amp;apos;, os.version: &amp;apos;10.0&amp;apos;, java.version: &amp;apos;17.0.2&amp;apos;
Driver info: driver.version: SafariDriver">
      <![CDATA[org.openqa.selenium.WebDriverException: Unable to find driver executable: \usr\bin\safaridriver(SafariDriver requires Safari 10 running on OSX El Capitan or greater.)
Build info: version: '4.1.2', revision: '9a5a329c5a'
System info: host: 'LPTGHULAMNABI', ip: '192.168.0.237', os.name: 'Windows 11', os.arch: 'amd64', os.version: '10.0', java.version: '17.0.2'
Driver info: driver.version: SafariDriver
at org.openqa.selenium.safari.SafariDriverService$Builder.findDefaultExecutable(SafariDriverService.java:136)
at org.openqa.selenium.remote.service.DriverService$Builder.build(DriverService.java:437)
at org.openqa.selenium.safari.SafariDriverService.createDefaultService(SafariDriverService.java:78)
at org.openqa.selenium.safari.SafariDriver.<init>(SafariDriver.java:71)
at org.openqa.selenium.safari.SafariDriver.<init>(SafariDriver.java:49)
at DataStewardship.login.utils.BrowserManager.getDriver(BrowserManager.java:30)
at DataStewardship.login.tc.TC_Login.tc_01_Login_with_InValid_credentials(TC_Login.java:18)
at java.base/java.util.concurrent.ThreadPoolExecutor.runWorker(ThreadPoolExecutor.java:1136)
at java.base/java.util.concurrent.ThreadPoolExecutor$Worker.run(ThreadPoolExecutor.java:635)
at java.base/java.lang.Thread.run(Thread.java:833)
... Removed 12 stack frames]]>
    </failure>
  </testcase> <!-- tc_01_Login_with_InValid_credentials -->
  <testcase classname="DataStewardship.login.tc.TC_Login" name="tc_01_Login_with_empty_credentials" time="0.818">
    <failure type="org.openqa.selenium.WebDriverException" message="Unable to find driver executable: \usr\bin\safaridriver(SafariDriver requires Safari 10 running on OSX El Capitan or greater.)
Build info: version: &amp;apos;4.1.2&amp;apos;, revision: &amp;apos;9a5a329c5a&amp;apos;
System info: host: &amp;apos;LPTGHULAMNABI&amp;apos;, ip: &amp;apos;192.168.0.237&amp;apos;, os.name: &amp;apos;Windows 11&amp;apos;, os.arch: &amp;apos;amd64&amp;apos;, os.version: &amp;apos;10.0&amp;apos;, java.version: &amp;apos;17.0.2&amp;apos;
Driver info: driver.version: SafariDriver">
      <![CDATA[org.openqa.selenium.WebDriverException: Unable to find driver executable: \usr\bin\safaridriver(SafariDriver requires Safari 10 running on OSX El Capitan or greater.)
Build info: version: '4.1.2', revision: '9a5a329c5a'
System info: host: 'LPTGHULAMNABI', ip: '192.168.0.237', os.name: 'Windows 11', os.arch: 'amd64', os.version: '10.0', java.version: '17.0.2'
Driver info: driver.version: SafariDriver
at org.openqa.selenium.safari.SafariDriverService$Builder.findDefaultExecutable(SafariDriverService.java:136)
at org.openqa.selenium.remote.service.DriverService$Builder.build(DriverService.java:437)
at org.openqa.selenium.safari.SafariDriverService.createDefaultService(SafariDriverService.java:78)
at org.openqa.selenium.safari.SafariDriver.<init>(SafariDriver.java:71)
at org.openqa.selenium.safari.SafariDriver.<init>(SafariDriver.java:49)
at DataStewardship.login.utils.BrowserManager.getDriver(BrowserManager.java:30)
at DataStewardship.login.tc.TC_Login.tc_01_Login_with_empty_credentials(TC_Login.java:29)
at java.base/java.util.concurrent.ThreadPoolExecutor.runWorker(ThreadPoolExecutor.java:1136)
at java.base/java.util.concurrent.ThreadPoolExecutor$Worker.run(ThreadPoolExecutor.java:635)
at java.base/java.lang.Thread.run(Thread.java:833)
... Removed 12 stack frames]]>
    </failure>
  </testcase> <!-- tc_01_Login_with_empty_credentials -->
</testsuite> <!-- Test-Mozilla -->
